[{"line":1,"elements":[{"start_timestamp":"2025-07-25T07:11:18.356Z","before":[{"result":{"duration":2882960400,"status":"passed"},"match":{"location":"Hooks.Hooks.setUp()"}}],"line":15,"name":"Signup attempt with different mobile and password combinations","description":"","id":"verify-the-signup-feature-in-amazon-prime;signup-attempt-with-different-mobile-and-password-combinations;;2","after":[{"result":{"status":"passed"},"match":{"location":"Hooks.Hooks.tearDown()"}}],"type":"scenario","keyword":"Scenario Outline","steps":[{"result":{"error_message":"org.openqa.selenium.remote.UnreachableBrowserException: Error communicating with the remote browser. It may have died.\nBuild info: version: '4.34.0', revision: '707dcb4246*'\nSystem info: os.name: 'Windows 11', os.arch: 'amd64', os.version: '10.0', java.version: '21.0.6'\nDriver info: org.openqa.selenium.chrome.ChromeDriver\nCommand: [7da815942ff925ea17dacccad1c0dd62, findElement [value, using]]\nCapabilities {acceptInsecureCerts: false, browserName: chrome, browserVersion: 138.0.7204.158, chrome: {chromedriverVersion: 138.0.7204.168 (3e8d82e86e9..., userDataDir: C:\\Users\\ADMIN\\AppData\\Loca...}, fedcm:accounts: true, goog:chromeOptions: {debuggerAddress: localhost:63077}, networkConnectionEnabled: false, pageLoadStrategy: normal, platformName: windows, proxy: Proxy(), se:cdp: ws://localhost:63077/devtoo..., se:cdpVersion: 138.0.7204.158, setWindowRect: true, strictFileInteractability: false, timeouts: {implicit: 0, pageLoad: 300000, script: 30000}, unhandledPromptBehavior: dismiss and notify, webauthn:extension:credBlob: true, webauthn:extension:largeBlob: true, webauthn:extension:minPinLength: true, webauthn:extension:prf: true, webauthn:virtualAuthenticators: true}\nSession ID: 7da815942ff925ea17dacccad1c0dd62\r\n\tat org.openqa.selenium.remote.RemoteWebDriver.execute(RemoteWebDriver.java:571)\r\n\tat org.openqa.selenium.remote.ElementLocation$ElementFinder$2.findElement(ElementLocation.java:165)\r\n\tat org.openqa.selenium.remote.ElementLocation.findElement(ElementLocation.java:59)\r\n\tat org.openqa.selenium.remote.RemoteWebDriver.findElement(RemoteWebDriver.java:367)\r\n\tat org.openqa.selenium.remote.RemoteWebDriver.findElement(RemoteWebDriver.java:361)\r\n\tat org.openqa.selenium.support.pagefactory.DefaultElementLocator.findElement(DefaultElementLocator.java:68)\r\n\tat org.openqa.selenium.support.pagefactory.internal.LocatingElementHandler.invoke(LocatingElementHandler.java:38)\r\n\tat jdk.proxy2/jdk.proxy2.$Proxy24.isDisplayed(Unknown Source)\r\n\tat org.openqa.selenium.support.ui.ExpectedConditions.elementIfVisible(ExpectedConditions.java:304)\r\n\tat org.openqa.selenium.support.ui.ExpectedConditions$10.apply(ExpectedConditions.java:290)\r\n\tat org.openqa.selenium.support.ui.ExpectedConditions$10.apply(ExpectedConditions.java:287)\r\n\tat org.openqa.selenium.support.ui.FluentWait.until(FluentWait.java:203)\r\n\tat pages.Primeaccounticon.mouseHoverAtIcon(Primeaccounticon.java:52)\r\n\tat Stepdefpack.StepDefinition.the_user_hovers_over_the_icon(StepDefinition.java:20)\r\n\tat ✽.the user hovers over the \"Your Account\" icon(file:///C:/Users/ADMIN/eclipse-workspace_new/Cucumber-pro/src/test/resources/features/prime.feature:4)\r\nCaused by: java.io.UncheckedIOException: java.io.IOException: Task jdk.internal.net.http.common.SequentialScheduler$SchedulableTask@25915ef8 rejected from java.util.concurrent.ThreadPoolExecutor@1db32f63[Shutting down, pool size = 2, active threads = 2, queued tasks = 0, completed tasks = 24]\r\n\tat org.openqa.selenium.remote.http.jdk.JdkHttpClient.execute0(JdkHttpClient.java:500)\r\n\tat org.openqa.selenium.remote.http.AddSeleniumUserAgent.lambda$apply$0(AddSeleniumUserAgent.java:42)\r\n\tat org.openqa.selenium.remote.http.Filter.lambda$andFinally$1(Filter.java:55)\r\n\tat org.openqa.selenium.remote.http.jdk.JdkHttpClient.lambda$executeAsync$2(JdkHttpClient.java:387)\r\n\tat java.base/java.util.concurrent.Executors$RunnableAdapter.call(Executors.java:572)\r\n\tat java.base/java.util.concurrent.FutureTask.run(FutureTask.java:317)\r\n\tat java.base/java.util.concurrent.ThreadPoolExecutor.runWorker(ThreadPoolExecutor.java:1144)\r\n\tat java.base/java.util.concurrent.ThreadPoolExecutor$Worker.run(ThreadPoolExecutor.java:642)\r\n\tat java.base/java.lang.Thread.run(Thread.java:1583)\r\nCaused by: java.io.IOException: Task jdk.internal.net.http.common.SequentialScheduler$SchedulableTask@25915ef8 rejected from java.util.concurrent.ThreadPoolExecutor@1db32f63[Shutting down, pool size = 2, active threads = 2, queued tasks = 0, completed tasks = 24]\r\n\tat java.net.http/jdk.internal.net.http.HttpClientImpl.send(HttpClientImpl.java:968)\r\n\tat java.net.http/jdk.internal.net.http.HttpClientFacade.send(HttpClientFacade.java:133)\r\n\tat org.openqa.selenium.remote.http.jdk.JdkHttpClient.execute0(JdkHttpClient.java:459)\r\n\t... 8 more\r\nCaused by: java.util.concurrent.RejectedExecutionException: Task jdk.internal.net.http.common.SequentialScheduler$SchedulableTask@25915ef8 rejected from java.util.concurrent.ThreadPoolExecutor@1db32f63[Shutting down, pool size = 2, active threads = 2, queued tasks = 0, completed tasks = 24]\r\n\tat java.base/java.util.concurrent.ThreadPoolExecutor$AbortPolicy.rejectedExecution(ThreadPoolExecutor.java:2081)\r\n\tat java.base/java.util.concurrent.ThreadPoolExecutor.reject(ThreadPoolExecutor.java:841)\r\n\tat java.base/java.util.concurrent.ThreadPoolExecutor.execute(ThreadPoolExecutor.java:1376)\r\n\tat java.net.http/jdk.internal.net.http.HttpClientImpl$DelegatingExecutor.ensureExecutedAsync(HttpClientImpl.java:183)\r\n\tat java.net.http/jdk.internal.net.http.HttpClientImpl$DelegatingExecutor.execute(HttpClientImpl.java:175)\r\n\tat java.net.http/jdk.internal.net.http.common.SequentialScheduler.runOrSchedule(SequentialScheduler.java:282)\r\n\tat java.net.http/jdk.internal.net.http.common.SequentialScheduler.runOrSchedule(SequentialScheduler.java:251)\r\n\tat java.net.http/jdk.internal.net.http.Http1AsyncReceiver.onReadError(Http1AsyncReceiver.java:516)\r\n\tat java.net.http/jdk.internal.net.http.Http1AsyncReceiver$Http1TubeSubscriber.onComplete(Http1AsyncReceiver.java:601)\r\n\tat java.net.http/jdk.internal.net.http.SocketTube$InternalReadPublisher$ReadSubscription.signalCompletion(SocketTube.java:648)\r\n\tat java.net.http/jdk.internal.net.http.SocketTube$InternalReadPublisher$InternalReadSubscription.read(SocketTube.java:853)\r\n\tat java.net.http/jdk.internal.net.http.SocketTube$SocketFlowTask.run(SocketTube.java:181)\r\n\tat java.net.http/jdk.internal.net.http.common.SequentialScheduler$SchedulableTask.run(SequentialScheduler.java:207)\r\n\tat java.net.http/jdk.internal.net.http.common.SequentialScheduler.runOrSchedule(SequentialScheduler.java:280)\r\n\tat java.net.http/jdk.internal.net.http.common.SequentialScheduler.runOrSchedule(SequentialScheduler.java:233)\r\n\tat java.net.http/jdk.internal.net.http.SocketTube$InternalReadPublisher$InternalReadSubscription.signalReadable(SocketTube.java:782)\r\n\tat java.net.http/jdk.internal.net.http.SocketTube$InternalReadPublisher$ReadEvent.signalEvent(SocketTube.java:965)\r\n\tat java.net.http/jdk.internal.net.http.SocketTube$SocketFlowEvent.handle(SocketTube.java:253)\r\n\tat java.net.http/jdk.internal.net.http.HttpClientImpl$SelectorManager.handleEvent(HttpClientImpl.java:1469)\r\n\tat java.net.http/jdk.internal.net.http.HttpClientImpl$SelectorManager.lambda$run$3(HttpClientImpl.java:1414)\r\n\tat java.base/java.util.ArrayList.forEach(ArrayList.java:1596)\r\n\tat java.net.http/jdk.internal.net.http.HttpClientImpl$SelectorManager.run(HttpClientImpl.java:1414)\r\n","duration":309318400,"status":"failed"},"line":4,"name":"the user hovers over the \"Your Account\" icon","match":{"arguments":[{"val":"\"Your Account\"","offset":25}],"location":"Stepdefpack.StepDefinition.the_user_hovers_over_the_icon(java.lang.String)"},"keyword":"Given "},{"result":{"status":"skipped"},"line":5,"name":"the user hovers over \"Sign In\" and clicks it","match":{"arguments":[{"val":"\"Sign In\"","offset":21}],"location":"Stepdefpack.StepDefinition.the_user_hovers_over_and_clicks_it(java.lang.String)"},"keyword":"When "},{"result":{"status":"skipped"},"line":6,"name":"the user enters a mobile number in the \"9346250755\" field","match":{"arguments":[{"val":"\"9346250755\"","offset":39}],"location":"Stepdefpack.StepDefinition.the_user_enters_a_mobile_number_in_the_field(java.lang.String)"},"keyword":"Then "},{"result":{"duration":996800,"status":"skipped"},"line":7,"name":"clicks the \"Continue\" button","match":{"arguments":[{"val":"\"Continue\"","offset":11}],"location":"Stepdefpack.StepDefinition.clicks_the_button(java.lang.String)"},"keyword":"And "},{"result":{"status":"skipped"},"line":8,"name":"the user is redirected to the password entry page","match":{"location":"Stepdefpack.StepDefinition.the_user_is_redirected_to_the_password_entry_page()"},"keyword":"Then "},{"result":{"duration":997700,"status":"skipped"},"line":9,"name":"enters the password in the \"nagamani484@L#\" field","match":{"arguments":[{"val":"\"nagamani484@L#\"","offset":27}],"location":"Stepdefpack.StepDefinition.enters_the_password_in_the_field(java.lang.String)"},"keyword":"And "},{"result":{"status":"skipped"},"line":10,"name":"clicks the \"Sign In\" button","match":{"arguments":[{"val":"\"Sign In\"","offset":11}],"location":"Stepdefpack.StepDefinition.clicks_the_button(java.lang.String)"},"keyword":"And "},{"result":{"status":"skipped"},"line":11,"name":"the user should see \"Welcome to Prime Video\"","match":{"arguments":[{"val":"\"Welcome to Prime Video\"","offset":20}],"location":"Stepdefpack.StepDefinition.the_user_should_see(java.lang.String)"},"keyword":"Then "}]},{"start_timestamp":"2025-07-25T07:11:21.573Z","before":[{"result":{"duration":2170734500,"status":"passed"},"match":{"location":"Hooks.Hooks.setUp()"}}],"line":16,"name":"Signup attempt with different mobile and password combinations","description":"","id":"verify-the-signup-feature-in-amazon-prime;signup-attempt-with-different-mobile-and-password-combinations;;3","after":[{"result":{"duration":3654900,"status":"passed"},"match":{"location":"Hooks.Hooks.tearDown()"}}],"type":"scenario","keyword":"Scenario Outline","steps":[{"result":{"error_message":"org.openqa.selenium.remote.UnreachableBrowserException: Error communicating with the remote browser. It may have died.\nBuild info: version: '4.34.0', revision: '707dcb4246*'\nSystem info: os.name: 'Windows 11', os.arch: 'amd64', os.version: '10.0', java.version: '21.0.6'\nDriver info: org.openqa.selenium.chrome.ChromeDriver\nCommand: [09b5b9cde6e0a06c8460b52fbcdac085, findElement [value, using]]\nCapabilities {acceptInsecureCerts: false, browserName: chrome, browserVersion: 138.0.7204.158, chrome: {chromedriverVersion: 138.0.7204.168 (3e8d82e86e9..., userDataDir: C:\\Users\\ADMIN\\AppData\\Loca...}, fedcm:accounts: true, goog:chromeOptions: {debuggerAddress: localhost:63102}, networkConnectionEnabled: false, pageLoadStrategy: normal, platformName: windows, proxy: Proxy(), se:cdp: ws://localhost:63102/devtoo..., se:cdpVersion: 138.0.7204.158, setWindowRect: true, strictFileInteractability: false, timeouts: {implicit: 0, pageLoad: 300000, script: 30000}, unhandledPromptBehavior: dismiss and notify, webauthn:extension:credBlob: true, webauthn:extension:largeBlob: true, webauthn:extension:minPinLength: true, webauthn:extension:prf: true, webauthn:virtualAuthenticators: true}\nSession ID: 09b5b9cde6e0a06c8460b52fbcdac085\r\n\tat org.openqa.selenium.remote.RemoteWebDriver.execute(RemoteWebDriver.java:571)\r\n\tat org.openqa.selenium.remote.ElementLocation$ElementFinder$2.findElement(ElementLocation.java:165)\r\n\tat org.openqa.selenium.remote.ElementLocation.findElement(ElementLocation.java:59)\r\n\tat org.openqa.selenium.remote.RemoteWebDriver.findElement(RemoteWebDriver.java:367)\r\n\tat org.openqa.selenium.remote.RemoteWebDriver.findElement(RemoteWebDriver.java:361)\r\n\tat org.openqa.selenium.support.pagefactory.DefaultElementLocator.findElement(DefaultElementLocator.java:68)\r\n\tat org.openqa.selenium.support.pagefactory.internal.LocatingElementHandler.invoke(LocatingElementHandler.java:38)\r\n\tat jdk.proxy2/jdk.proxy2.$Proxy24.isDisplayed(Unknown Source)\r\n\tat org.openqa.selenium.support.ui.ExpectedConditions.elementIfVisible(ExpectedConditions.java:304)\r\n\tat org.openqa.selenium.support.ui.ExpectedConditions$10.apply(ExpectedConditions.java:290)\r\n\tat org.openqa.selenium.support.ui.ExpectedConditions$10.apply(ExpectedConditions.java:287)\r\n\tat org.openqa.selenium.support.ui.FluentWait.until(FluentWait.java:203)\r\n\tat pages.Primeaccounticon.mouseHoverAtIcon(Primeaccounticon.java:52)\r\n\tat Stepdefpack.StepDefinition.the_user_hovers_over_the_icon(StepDefinition.java:20)\r\n\tat ✽.the user hovers over the \"Your Account\" icon(file:///C:/Users/ADMIN/eclipse-workspace_new/Cucumber-pro/src/test/resources/features/prime.feature:4)\r\nCaused by: java.io.UncheckedIOException: java.io.IOException: Task jdk.internal.net.http.common.SequentialScheduler$SchedulableTask@79efeed1 rejected from java.util.concurrent.ThreadPoolExecutor@655ec0a3[Shutting down, pool size = 2, active threads = 2, queued tasks = 0, completed tasks = 24]\r\n\tat org.openqa.selenium.remote.http.jdk.JdkHttpClient.execute0(JdkHttpClient.java:500)\r\n\tat org.openqa.selenium.remote.http.AddSeleniumUserAgent.lambda$apply$0(AddSeleniumUserAgent.java:42)\r\n\tat org.openqa.selenium.remote.http.Filter.lambda$andFinally$1(Filter.java:55)\r\n\tat org.openqa.selenium.remote.http.jdk.JdkHttpClient.lambda$executeAsync$2(JdkHttpClient.java:387)\r\n\tat java.base/java.util.concurrent.Executors$RunnableAdapter.call(Executors.java:572)\r\n\tat java.base/java.util.concurrent.FutureTask.run(FutureTask.java:317)\r\n\tat java.base/java.util.concurrent.ThreadPoolExecutor.runWorker(ThreadPoolExecutor.java:1144)\r\n\tat java.base/java.util.concurrent.ThreadPoolExecutor$Worker.run(ThreadPoolExecutor.java:642)\r\n\tat java.base/java.lang.Thread.run(Thread.java:1583)\r\nCaused by: java.io.IOException: Task jdk.internal.net.http.common.SequentialScheduler$SchedulableTask@79efeed1 rejected from java.util.concurrent.ThreadPoolExecutor@655ec0a3[Shutting down, pool size = 2, active threads = 2, queued tasks = 0, completed tasks = 24]\r\n\tat java.net.http/jdk.internal.net.http.HttpClientImpl.send(HttpClientImpl.java:968)\r\n\tat java.net.http/jdk.internal.net.http.HttpClientFacade.send(HttpClientFacade.java:133)\r\n\tat org.openqa.selenium.remote.http.jdk.JdkHttpClient.execute0(JdkHttpClient.java:459)\r\n\t... 8 more\r\nCaused by: java.util.concurrent.RejectedExecutionException: Task jdk.internal.net.http.common.SequentialScheduler$SchedulableTask@79efeed1 rejected from java.util.concurrent.ThreadPoolExecutor@655ec0a3[Shutting down, pool size = 2, active threads = 2, queued tasks = 0, completed tasks = 24]\r\n\tat java.base/java.util.concurrent.ThreadPoolExecutor$AbortPolicy.rejectedExecution(ThreadPoolExecutor.java:2081)\r\n\tat java.base/java.util.concurrent.ThreadPoolExecutor.reject(ThreadPoolExecutor.java:841)\r\n\tat java.base/java.util.concurrent.ThreadPoolExecutor.execute(ThreadPoolExecutor.java:1376)\r\n\tat java.net.http/jdk.internal.net.http.HttpClientImpl$DelegatingExecutor.ensureExecutedAsync(HttpClientImpl.java:183)\r\n\tat java.net.http/jdk.internal.net.http.HttpClientImpl$DelegatingExecutor.execute(HttpClientImpl.java:175)\r\n\tat java.net.http/jdk.internal.net.http.common.SequentialScheduler.runOrSchedule(SequentialScheduler.java:282)\r\n\tat java.net.http/jdk.internal.net.http.common.SequentialScheduler.runOrSchedule(SequentialScheduler.java:251)\r\n\tat java.net.http/jdk.internal.net.http.Http1AsyncReceiver.onReadError(Http1AsyncReceiver.java:516)\r\n\tat java.net.http/jdk.internal.net.http.Http1AsyncReceiver$Http1TubeSubscriber.onComplete(Http1AsyncReceiver.java:601)\r\n\tat java.net.http/jdk.internal.net.http.SocketTube$InternalReadPublisher$ReadSubscription.signalCompletion(SocketTube.java:648)\r\n\tat java.net.http/jdk.internal.net.http.SocketTube$InternalReadPublisher$InternalReadSubscription.read(SocketTube.java:853)\r\n\tat java.net.http/jdk.internal.net.http.SocketTube$SocketFlowTask.run(SocketTube.java:181)\r\n\tat java.net.http/jdk.internal.net.http.common.SequentialScheduler$SchedulableTask.run(SequentialScheduler.java:207)\r\n\tat java.net.http/jdk.internal.net.http.common.SequentialScheduler.runOrSchedule(SequentialScheduler.java:280)\r\n\tat java.net.http/jdk.internal.net.http.common.SequentialScheduler.runOrSchedule(SequentialScheduler.java:233)\r\n\tat java.net.http/jdk.internal.net.http.SocketTube$InternalReadPublisher$InternalReadSubscription.signalReadable(SocketTube.java:782)\r\n\tat java.net.http/jdk.internal.net.http.SocketTube$InternalReadPublisher$ReadEvent.signalEvent(SocketTube.java:965)\r\n\tat java.net.http/jdk.internal.net.http.SocketTube$SocketFlowEvent.handle(SocketTube.java:253)\r\n\tat java.net.http/jdk.internal.net.http.HttpClientImpl$SelectorManager.handleEvent(HttpClientImpl.java:1469)\r\n\tat java.net.http/jdk.internal.net.http.HttpClientImpl$SelectorManager.lambda$run$3(HttpClientImpl.java:1414)\r\n\tat java.base/java.util.ArrayList.forEach(ArrayList.java:1596)\r\n\tat java.net.http/jdk.internal.net.http.HttpClientImpl$SelectorManager.run(HttpClientImpl.java:1414)\r\n","duration":185089900,"status":"failed"},"line":4,"name":"the user hovers over the \"Your Account\" icon","match":{"arguments":[{"val":"\"Your Account\"","offset":25}],"location":"Stepdefpack.StepDefinition.the_user_hovers_over_the_icon(java.lang.String)"},"keyword":"Given "},{"result":{"status":"skipped"},"line":5,"name":"the user hovers over \"Sign In\" and clicks it","match":{"arguments":[{"val":"\"Sign In\"","offset":21}],"location":"Stepdefpack.StepDefinition.the_user_hovers_over_and_clicks_it(java.lang.String)"},"keyword":"When "},{"result":{"duration":1346700,"status":"skipped"},"line":6,"name":"the user enters a mobile number in the \"123\" field","match":{"arguments":[{"val":"\"123\"","offset":39}],"location":"Stepdefpack.StepDefinition.the_user_enters_a_mobile_number_in_the_field(java.lang.String)"},"keyword":"Then "},{"result":{"status":"skipped"},"line":7,"name":"clicks the \"Continue\" button","match":{"arguments":[{"val":"\"Continue\"","offset":11}],"location":"Stepdefpack.StepDefinition.clicks_the_button(java.lang.String)"},"keyword":"And "},{"result":{"duration":1008100,"status":"skipped"},"line":8,"name":"the user is redirected to the password entry page","match":{"location":"Stepdefpack.StepDefinition.the_user_is_redirected_to_the_password_entry_page()"},"keyword":"Then "},{"result":{"duration":990900,"status":"skipped"},"line":9,"name":"enters the password in the \"ValidPass123\" field","match":{"arguments":[{"val":"\"ValidPass123\"","offset":27}],"location":"Stepdefpack.StepDefinition.enters_the_password_in_the_field(java.lang.String)"},"keyword":"And "},{"result":{"duration":985500,"status":"skipped"},"line":10,"name":"clicks the \"Sign In\" button","match":{"arguments":[{"val":"\"Sign In\"","offset":11}],"location":"Stepdefpack.StepDefinition.clicks_the_button(java.lang.String)"},"keyword":"And "},{"result":{"status":"skipped"},"line":11,"name":"the user should see \"Invalid mobile number error shown\"","match":{"arguments":[{"val":"\"Invalid mobile number error shown\"","offset":20}],"location":"Stepdefpack.StepDefinition.the_user_should_see(java.lang.String)"},"keyword":"Then "}]},{"start_timestamp":"2025-07-25T07:11:23.959Z","before":[{"result":{"duration":2034154400,"status":"passed"},"match":{"location":"Hooks.Hooks.setUp()"}}],"line":17,"name":"Signup attempt with different mobile and password combinations","description":"","id":"verify-the-signup-feature-in-amazon-prime;signup-attempt-with-different-mobile-and-password-combinations;;4","after":[{"result":{"duration":8863000,"status":"passed"},"match":{"location":"Hooks.Hooks.tearDown()"}}],"type":"scenario","keyword":"Scenario Outline","steps":[{"result":{"error_message":"org.openqa.selenium.remote.UnreachableBrowserException: Error communicating with the remote browser. It may have died.\nBuild info: version: '4.34.0', revision: '707dcb4246*'\nSystem info: os.name: 'Windows 11', os.arch: 'amd64', os.version: '10.0', java.version: '21.0.6'\nDriver info: org.openqa.selenium.chrome.ChromeDriver\nCommand: [23234e746036f06b6df2ad12abda88d5, findElement [value, using]]\nCapabilities {acceptInsecureCerts: false, browserName: chrome, browserVersion: 138.0.7204.158, chrome: {chromedriverVersion: 138.0.7204.168 (3e8d82e86e9..., userDataDir: C:\\Users\\ADMIN\\AppData\\Loca...}, fedcm:accounts: true, goog:chromeOptions: {debuggerAddress: localhost:63132}, networkConnectionEnabled: false, pageLoadStrategy: normal, platformName: windows, proxy: Proxy(), se:cdp: ws://localhost:63132/devtoo..., se:cdpVersion: 138.0.7204.158, setWindowRect: true, strictFileInteractability: false, timeouts: {implicit: 0, pageLoad: 300000, script: 30000}, unhandledPromptBehavior: dismiss and notify, webauthn:extension:credBlob: true, webauthn:extension:largeBlob: true, webauthn:extension:minPinLength: true, webauthn:extension:prf: true, webauthn:virtualAuthenticators: true}\nSession ID: 23234e746036f06b6df2ad12abda88d5\r\n\tat org.openqa.selenium.remote.RemoteWebDriver.execute(RemoteWebDriver.java:571)\r\n\tat org.openqa.selenium.remote.ElementLocation$ElementFinder$2.findElement(ElementLocation.java:165)\r\n\tat org.openqa.selenium.remote.ElementLocation.findElement(ElementLocation.java:59)\r\n\tat org.openqa.selenium.remote.RemoteWebDriver.findElement(RemoteWebDriver.java:367)\r\n\tat org.openqa.selenium.remote.RemoteWebDriver.findElement(RemoteWebDriver.java:361)\r\n\tat org.openqa.selenium.support.pagefactory.DefaultElementLocator.findElement(DefaultElementLocator.java:68)\r\n\tat org.openqa.selenium.support.pagefactory.internal.LocatingElementHandler.invoke(LocatingElementHandler.java:38)\r\n\tat jdk.proxy2/jdk.proxy2.$Proxy24.isDisplayed(Unknown Source)\r\n\tat org.openqa.selenium.support.ui.ExpectedConditions.elementIfVisible(ExpectedConditions.java:304)\r\n\tat org.openqa.selenium.support.ui.ExpectedConditions$10.apply(ExpectedConditions.java:290)\r\n\tat org.openqa.selenium.support.ui.ExpectedConditions$10.apply(ExpectedConditions.java:287)\r\n\tat org.openqa.selenium.support.ui.FluentWait.until(FluentWait.java:203)\r\n\tat pages.Primeaccounticon.mouseHoverAtIcon(Primeaccounticon.java:52)\r\n\tat Stepdefpack.StepDefinition.the_user_hovers_over_the_icon(StepDefinition.java:20)\r\n\tat ✽.the user hovers over the \"Your Account\" icon(file:///C:/Users/ADMIN/eclipse-workspace_new/Cucumber-pro/src/test/resources/features/prime.feature:4)\r\nCaused by: java.io.UncheckedIOException: java.io.IOException: Task jdk.internal.net.http.common.SequentialScheduler$SchedulableTask@431b22c rejected from java.util.concurrent.ThreadPoolExecutor@6687336[Shutting down, pool size = 2, active threads = 2, queued tasks = 0, completed tasks = 24]\r\n\tat org.openqa.selenium.remote.http.jdk.JdkHttpClient.execute0(JdkHttpClient.java:500)\r\n\tat org.openqa.selenium.remote.http.AddSeleniumUserAgent.lambda$apply$0(AddSeleniumUserAgent.java:42)\r\n\tat org.openqa.selenium.remote.http.Filter.lambda$andFinally$1(Filter.java:55)\r\n\tat org.openqa.selenium.remote.http.jdk.JdkHttpClient.lambda$executeAsync$2(JdkHttpClient.java:387)\r\n\tat java.base/java.util.concurrent.Executors$RunnableAdapter.call(Executors.java:572)\r\n\tat java.base/java.util.concurrent.FutureTask.run(FutureTask.java:317)\r\n\tat java.base/java.util.concurrent.ThreadPoolExecutor.runWorker(ThreadPoolExecutor.java:1144)\r\n\tat java.base/java.util.concurrent.ThreadPoolExecutor$Worker.run(ThreadPoolExecutor.java:642)\r\n\tat java.base/java.lang.Thread.run(Thread.java:1583)\r\nCaused by: java.io.IOException: Task jdk.internal.net.http.common.SequentialScheduler$SchedulableTask@431b22c rejected from java.util.concurrent.ThreadPoolExecutor@6687336[Shutting down, pool size = 2, active threads = 2, queued tasks = 0, completed tasks = 24]\r\n\tat java.net.http/jdk.internal.net.http.HttpClientImpl.send(HttpClientImpl.java:968)\r\n\tat java.net.http/jdk.internal.net.http.HttpClientFacade.send(HttpClientFacade.java:133)\r\n\tat org.openqa.selenium.remote.http.jdk.JdkHttpClient.execute0(JdkHttpClient.java:459)\r\n\t... 8 more\r\nCaused by: java.util.concurrent.RejectedExecutionException: Task jdk.internal.net.http.common.SequentialScheduler$SchedulableTask@431b22c rejected from java.util.concurrent.ThreadPoolExecutor@6687336[Shutting down, pool size = 2, active threads = 2, queued tasks = 0, completed tasks = 24]\r\n\tat java.base/java.util.concurrent.ThreadPoolExecutor$AbortPolicy.rejectedExecution(ThreadPoolExecutor.java:2081)\r\n\tat java.base/java.util.concurrent.ThreadPoolExecutor.reject(ThreadPoolExecutor.java:841)\r\n\tat java.base/java.util.concurrent.ThreadPoolExecutor.execute(ThreadPoolExecutor.java:1376)\r\n\tat java.net.http/jdk.internal.net.http.HttpClientImpl$DelegatingExecutor.ensureExecutedAsync(HttpClientImpl.java:183)\r\n\tat java.net.http/jdk.internal.net.http.HttpClientImpl$DelegatingExecutor.execute(HttpClientImpl.java:175)\r\n\tat java.net.http/jdk.internal.net.http.common.SequentialScheduler.runOrSchedule(SequentialScheduler.java:282)\r\n\tat java.net.http/jdk.internal.net.http.common.SequentialScheduler.runOrSchedule(SequentialScheduler.java:251)\r\n\tat java.net.http/jdk.internal.net.http.Http1AsyncReceiver.onReadError(Http1AsyncReceiver.java:516)\r\n\tat java.net.http/jdk.internal.net.http.Http1AsyncReceiver$Http1TubeSubscriber.onComplete(Http1AsyncReceiver.java:601)\r\n\tat java.net.http/jdk.internal.net.http.SocketTube$InternalReadPublisher$ReadSubscription.signalCompletion(SocketTube.java:648)\r\n\tat java.net.http/jdk.internal.net.http.SocketTube$InternalReadPublisher$InternalReadSubscription.read(SocketTube.java:853)\r\n\tat java.net.http/jdk.internal.net.http.SocketTube$SocketFlowTask.run(SocketTube.java:181)\r\n\tat java.net.http/jdk.internal.net.http.common.SequentialScheduler$SchedulableTask.run(SequentialScheduler.java:207)\r\n\tat java.net.http/jdk.internal.net.http.common.SequentialScheduler.runOrSchedule(SequentialScheduler.java:280)\r\n\tat java.net.http/jdk.internal.net.http.common.SequentialScheduler.runOrSchedule(SequentialScheduler.java:233)\r\n\tat java.net.http/jdk.internal.net.http.SocketTube$InternalReadPublisher$InternalReadSubscription.signalReadable(SocketTube.java:782)\r\n\tat java.net.http/jdk.internal.net.http.SocketTube$InternalReadPublisher$ReadEvent.signalEvent(SocketTube.java:965)\r\n\tat java.net.http/jdk.internal.net.http.SocketTube$SocketFlowEvent.handle(SocketTube.java:253)\r\n\tat java.net.http/jdk.internal.net.http.HttpClientImpl$SelectorManager.handleEvent(HttpClientImpl.java:1469)\r\n\tat java.net.http/jdk.internal.net.http.HttpClientImpl$SelectorManager.lambda$run$3(HttpClientImpl.java:1414)\r\n\tat java.base/java.util.ArrayList.forEach(ArrayList.java:1596)\r\n\tat java.net.http/jdk.internal.net.http.HttpClientImpl$SelectorManager.run(HttpClientImpl.java:1414)\r\n","duration":225779800,"status":"failed"},"line":4,"name":"the user hovers over the \"Your Account\" icon","match":{"arguments":[{"val":"\"Your Account\"","offset":25}],"location":"Stepdefpack.StepDefinition.the_user_hovers_over_the_icon(java.lang.String)"},"keyword":"Given "},{"result":{"duration":1078600,"status":"skipped"},"line":5,"name":"the user hovers over \"Sign In\" and clicks it","match":{"arguments":[{"val":"\"Sign In\"","offset":21}],"location":"Stepdefpack.StepDefinition.the_user_hovers_over_and_clicks_it(java.lang.String)"},"keyword":"When "},{"result":{"status":"skipped"},"line":6,"name":"the user enters a mobile number in the \"9876543210\" field","match":{"arguments":[{"val":"\"9876543210\"","offset":39}],"location":"Stepdefpack.StepDefinition.the_user_enters_a_mobile_number_in_the_field(java.lang.String)"},"keyword":"Then "},{"result":{"status":"skipped"},"line":7,"name":"clicks the \"Continue\" button","match":{"arguments":[{"val":"\"Continue\"","offset":11}],"location":"Stepdefpack.StepDefinition.clicks_the_button(java.lang.String)"},"keyword":"And "},{"result":{"status":"skipped"},"line":8,"name":"the user is redirected to the password entry page","match":{"location":"Stepdefpack.StepDefinition.the_user_is_redirected_to_the_password_entry_page()"},"keyword":"Then "},{"result":{"status":"skipped"},"line":9,"name":"enters the password in the \"wrongpass\" field","match":{"arguments":[{"val":"\"wrongpass\"","offset":27}],"location":"Stepdefpack.StepDefinition.enters_the_password_in_the_field(java.lang.String)"},"keyword":"And "},{"result":{"status":"skipped"},"line":10,"name":"clicks the \"Sign In\" button","match":{"arguments":[{"val":"\"Sign In\"","offset":11}],"location":"Stepdefpack.StepDefinition.clicks_the_button(java.lang.String)"},"keyword":"And "},{"result":{"status":"skipped"},"line":11,"name":"the user should see \"Incorrect password error shown\"","match":{"arguments":[{"val":"\"Incorrect password error shown\"","offset":20}],"location":"Stepdefpack.StepDefinition.the_user_should_see(java.lang.String)"},"keyword":"Then "}]},{"start_timestamp":"2025-07-25T07:11:26.248Z","before":[{"result":{"duration":2024087700,"status":"passed"},"match":{"location":"Hooks.Hooks.setUp()"}}],"line":18,"name":"Signup attempt with different mobile and password combinations","description":"","id":"verify-the-signup-feature-in-amazon-prime;signup-attempt-with-different-mobile-and-password-combinations;;5","after":[{"result":{"duration":11420800,"status":"passed"},"match":{"location":"Hooks.Hooks.tearDown()"}}],"type":"scenario","keyword":"Scenario Outline","steps":[{"result":{"error_message":"org.openqa.selenium.remote.UnreachableBrowserException: Error communicating with the remote browser. It may have died.\nBuild info: version: '4.34.0', revision: '707dcb4246*'\nSystem info: os.name: 'Windows 11', os.arch: 'amd64', os.version: '10.0', java.version: '21.0.6'\nDriver info: org.openqa.selenium.chrome.ChromeDriver\nCommand: [0eba330380095b698976d96d2276b829, findElement [value, using]]\nCapabilities {acceptInsecureCerts: false, browserName: chrome, browserVersion: 138.0.7204.158, chrome: {chromedriverVersion: 138.0.7204.168 (3e8d82e86e9..., userDataDir: C:\\Users\\ADMIN\\AppData\\Loca...}, fedcm:accounts: true, goog:chromeOptions: {debuggerAddress: localhost:63160}, networkConnectionEnabled: false, pageLoadStrategy: normal, platformName: windows, proxy: Proxy(), se:cdp: ws://localhost:63160/devtoo..., se:cdpVersion: 138.0.7204.158, setWindowRect: true, strictFileInteractability: false, timeouts: {implicit: 0, pageLoad: 300000, script: 30000}, unhandledPromptBehavior: dismiss and notify, webauthn:extension:credBlob: true, webauthn:extension:largeBlob: true, webauthn:extension:minPinLength: true, webauthn:extension:prf: true, webauthn:virtualAuthenticators: true}\nSession ID: 0eba330380095b698976d96d2276b829\r\n\tat org.openqa.selenium.remote.RemoteWebDriver.execute(RemoteWebDriver.java:571)\r\n\tat org.openqa.selenium.remote.ElementLocation$ElementFinder$2.findElement(ElementLocation.java:165)\r\n\tat org.openqa.selenium.remote.ElementLocation.findElement(ElementLocation.java:59)\r\n\tat org.openqa.selenium.remote.RemoteWebDriver.findElement(RemoteWebDriver.java:367)\r\n\tat org.openqa.selenium.remote.RemoteWebDriver.findElement(RemoteWebDriver.java:361)\r\n\tat org.openqa.selenium.support.pagefactory.DefaultElementLocator.findElement(DefaultElementLocator.java:68)\r\n\tat org.openqa.selenium.support.pagefactory.internal.LocatingElementHandler.invoke(LocatingElementHandler.java:38)\r\n\tat jdk.proxy2/jdk.proxy2.$Proxy24.isDisplayed(Unknown Source)\r\n\tat org.openqa.selenium.support.ui.ExpectedConditions.elementIfVisible(ExpectedConditions.java:304)\r\n\tat org.openqa.selenium.support.ui.ExpectedConditions$10.apply(ExpectedConditions.java:290)\r\n\tat org.openqa.selenium.support.ui.ExpectedConditions$10.apply(ExpectedConditions.java:287)\r\n\tat org.openqa.selenium.support.ui.FluentWait.until(FluentWait.java:203)\r\n\tat pages.Primeaccounticon.mouseHoverAtIcon(Primeaccounticon.java:52)\r\n\tat Stepdefpack.StepDefinition.the_user_hovers_over_the_icon(StepDefinition.java:20)\r\n\tat ✽.the user hovers over the \"Your Account\" icon(file:///C:/Users/ADMIN/eclipse-workspace_new/Cucumber-pro/src/test/resources/features/prime.feature:4)\r\nCaused by: java.io.UncheckedIOException: java.io.IOException: Task jdk.internal.net.http.common.SequentialScheduler$SchedulableTask@13cc6884 rejected from java.util.concurrent.ThreadPoolExecutor@54721bf6[Shutting down, pool size = 2, active threads = 2, queued tasks = 0, completed tasks = 24]\r\n\tat org.openqa.selenium.remote.http.jdk.JdkHttpClient.execute0(JdkHttpClient.java:500)\r\n\tat org.openqa.selenium.remote.http.AddSeleniumUserAgent.lambda$apply$0(AddSeleniumUserAgent.java:42)\r\n\tat org.openqa.selenium.remote.http.Filter.lambda$andFinally$1(Filter.java:55)\r\n\tat org.openqa.selenium.remote.http.jdk.JdkHttpClient.lambda$executeAsync$2(JdkHttpClient.java:387)\r\n\tat java.base/java.util.concurrent.Executors$RunnableAdapter.call(Executors.java:572)\r\n\tat java.base/java.util.concurrent.FutureTask.run(FutureTask.java:317)\r\n\tat java.base/java.util.concurrent.ThreadPoolExecutor.runWorker(ThreadPoolExecutor.java:1144)\r\n\tat java.base/java.util.concurrent.ThreadPoolExecutor$Worker.run(ThreadPoolExecutor.java:642)\r\n\tat java.base/java.lang.Thread.run(Thread.java:1583)\r\nCaused by: java.io.IOException: Task jdk.internal.net.http.common.SequentialScheduler$SchedulableTask@13cc6884 rejected from java.util.concurrent.ThreadPoolExecutor@54721bf6[Shutting down, pool size = 2, active threads = 2, queued tasks = 0, completed tasks = 24]\r\n\tat java.net.http/jdk.internal.net.http.HttpClientImpl.send(HttpClientImpl.java:968)\r\n\tat java.net.http/jdk.internal.net.http.HttpClientFacade.send(HttpClientFacade.java:133)\r\n\tat org.openqa.selenium.remote.http.jdk.JdkHttpClient.execute0(JdkHttpClient.java:459)\r\n\t... 8 more\r\nCaused by: java.util.concurrent.RejectedExecutionException: Task jdk.internal.net.http.common.SequentialScheduler$SchedulableTask@13cc6884 rejected from java.util.concurrent.ThreadPoolExecutor@54721bf6[Shutting down, pool size = 2, active threads = 2, queued tasks = 0, completed tasks = 24]\r\n\tat java.base/java.util.concurrent.ThreadPoolExecutor$AbortPolicy.rejectedExecution(ThreadPoolExecutor.java:2081)\r\n\tat java.base/java.util.concurrent.ThreadPoolExecutor.reject(ThreadPoolExecutor.java:841)\r\n\tat java.base/java.util.concurrent.ThreadPoolExecutor.execute(ThreadPoolExecutor.java:1376)\r\n\tat java.net.http/jdk.internal.net.http.HttpClientImpl$DelegatingExecutor.ensureExecutedAsync(HttpClientImpl.java:183)\r\n\tat java.net.http/jdk.internal.net.http.HttpClientImpl$DelegatingExecutor.execute(HttpClientImpl.java:175)\r\n\tat java.net.http/jdk.internal.net.http.common.SequentialScheduler.runOrSchedule(SequentialScheduler.java:282)\r\n\tat java.net.http/jdk.internal.net.http.common.SequentialScheduler.runOrSchedule(SequentialScheduler.java:251)\r\n\tat java.net.http/jdk.internal.net.http.Http1AsyncReceiver.onReadError(Http1AsyncReceiver.java:516)\r\n\tat java.net.http/jdk.internal.net.http.Http1AsyncReceiver$Http1TubeSubscriber.onComplete(Http1AsyncReceiver.java:601)\r\n\tat java.net.http/jdk.internal.net.http.SocketTube$InternalReadPublisher$ReadSubscription.signalCompletion(SocketTube.java:648)\r\n\tat java.net.http/jdk.internal.net.http.SocketTube$InternalReadPublisher$InternalReadSubscription.read(SocketTube.java:853)\r\n\tat java.net.http/jdk.internal.net.http.SocketTube$SocketFlowTask.run(SocketTube.java:181)\r\n\tat java.net.http/jdk.internal.net.http.common.SequentialScheduler$SchedulableTask.run(SequentialScheduler.java:207)\r\n\tat java.net.http/jdk.internal.net.http.common.SequentialScheduler.runOrSchedule(SequentialScheduler.java:280)\r\n\tat java.net.http/jdk.internal.net.http.common.SequentialScheduler.runOrSchedule(SequentialScheduler.java:233)\r\n\tat java.net.http/jdk.internal.net.http.SocketTube$InternalReadPublisher$InternalReadSubscription.signalReadable(SocketTube.java:782)\r\n\tat java.net.http/jdk.internal.net.http.SocketTube$InternalReadPublisher$ReadEvent.signalEvent(SocketTube.java:965)\r\n\tat java.net.http/jdk.internal.net.http.SocketTube$SocketFlowEvent.handle(SocketTube.java:253)\r\n\tat java.net.http/jdk.internal.net.http.HttpClientImpl$SelectorManager.handleEvent(HttpClientImpl.java:1469)\r\n\tat java.net.http/jdk.internal.net.http.HttpClientImpl$SelectorManager.lambda$run$3(HttpClientImpl.java:1414)\r\n\tat java.base/java.util.ArrayList.forEach(ArrayList.java:1596)\r\n\tat java.net.http/jdk.internal.net.http.HttpClientImpl$SelectorManager.run(HttpClientImpl.java:1414)\r\n","duration":205968200,"status":"failed"},"line":4,"name":"the user hovers over the \"Your Account\" icon","match":{"arguments":[{"val":"\"Your Account\"","offset":25}],"location":"Stepdefpack.StepDefinition.the_user_hovers_over_the_icon(java.lang.String)"},"keyword":"Given "},{"result":{"duration":996400,"status":"skipped"},"line":5,"name":"the user hovers over \"Sign In\" and clicks it","match":{"arguments":[{"val":"\"Sign In\"","offset":21}],"location":"Stepdefpack.StepDefinition.the_user_hovers_over_and_clicks_it(java.lang.String)"},"keyword":"When "},{"result":{"status":"skipped"},"line":6,"name":"the user enters a mobile number in the \"\" field","match":{"arguments":[{"val":"\"\"","offset":39}],"location":"Stepdefpack.StepDefinition.the_user_enters_a_mobile_number_in_the_field(java.lang.String)"},"keyword":"Then "},{"result":{"status":"skipped"},"line":7,"name":"clicks the \"Continue\" button","match":{"arguments":[{"val":"\"Continue\"","offset":11}],"location":"Stepdefpack.StepDefinition.clicks_the_button(java.lang.String)"},"keyword":"And "},{"result":{"status":"skipped"},"line":8,"name":"the user is redirected to the password entry page","match":{"location":"Stepdefpack.StepDefinition.the_user_is_redirected_to_the_password_entry_page()"},"keyword":"Then "},{"result":{"status":"skipped"},"line":9,"name":"enters the password in the \"ValidPass123\" field","match":{"arguments":[{"val":"\"ValidPass123\"","offset":27}],"location":"Stepdefpack.StepDefinition.enters_the_password_in_the_field(java.lang.String)"},"keyword":"And "},{"result":{"status":"skipped"},"line":10,"name":"clicks the \"Sign In\" button","match":{"arguments":[{"val":"\"Sign In\"","offset":11}],"location":"Stepdefpack.StepDefinition.clicks_the_button(java.lang.String)"},"keyword":"And "},{"result":{"status":"skipped"},"line":11,"name":"the user should see \"Mobile number required error\"","match":{"arguments":[{"val":"\"Mobile number required error\"","offset":20}],"location":"Stepdefpack.StepDefinition.the_user_should_see(java.lang.String)"},"keyword":"Then "}]},{"start_timestamp":"2025-07-25T07:11:28.519Z","before":[{"result":{"duration":1984667400,"status":"passed"},"match":{"location":"Hooks.Hooks.setUp()"}}],"line":19,"name":"Signup attempt with different mobile and password combinations","description":"","id":"verify-the-signup-feature-in-amazon-prime;signup-attempt-with-different-mobile-and-password-combinations;;6","after":[{"result":{"duration":215321600,"status":"passed"},"match":{"location":"Hooks.Hooks.tearDown()"}}],"type":"scenario","keyword":"Scenario Outline","steps":[{"result":{"duration":240532600,"status":"passed"},"line":4,"name":"the user hovers over the \"Your Account\" icon","match":{"arguments":[{"val":"\"Your Account\"","offset":25}],"location":"Stepdefpack.StepDefinition.the_user_hovers_over_the_icon(java.lang.String)"},"keyword":"Given "},{"result":{"duration":1427033500,"status":"passed"},"line":5,"name":"the user hovers over \"Sign In\" and clicks it","match":{"arguments":[{"val":"\"Sign In\"","offset":21}],"location":"Stepdefpack.StepDefinition.the_user_hovers_over_and_clicks_it(java.lang.String)"},"keyword":"When "},{"result":{"duration":182836900,"status":"passed"},"line":6,"name":"the user enters a mobile number in the \"9876543210\" field","match":{"arguments":[{"val":"\"9876543210\"","offset":39}],"location":"Stepdefpack.StepDefinition.the_user_enters_a_mobile_number_in_the_field(java.lang.String)"},"keyword":"Then "},{"result":{"duration":1127002900,"status":"passed"},"line":7,"name":"clicks the \"Continue\" button","match":{"arguments":[{"val":"\"Continue\"","offset":11}],"location":"Stepdefpack.StepDefinition.clicks_the_button(java.lang.String)"},"keyword":"And "},{"result":{"error_message":"java.lang.AssertionError: ❌ Password page did not load.\r\n\tat org.junit.Assert.fail(Assert.java:89)\r\n\tat org.junit.Assert.assertTrue(Assert.java:42)\r\n\tat Stepdefpack.StepDefinition.the_user_is_redirected_to_the_password_entry_page(StepDefinition.java:41)\r\n\tat ✽.the user is redirected to the password entry page(file:///C:/Users/ADMIN/eclipse-workspace_new/Cucumber-pro/src/test/resources/features/prime.feature:8)\r\n","duration":21742300,"status":"failed"},"line":8,"name":"the user is redirected to the password entry page","match":{"location":"Stepdefpack.StepDefinition.the_user_is_redirected_to_the_password_entry_page()"},"keyword":"Then "},{"result":{"status":"skipped"},"line":9,"name":"enters the password in the \"\" field","match":{"arguments":[{"val":"\"\"","offset":27}],"location":"Stepdefpack.StepDefinition.enters_the_password_in_the_field(java.lang.String)"},"keyword":"And "},{"result":{"status":"skipped"},"line":10,"name":"clicks the \"Sign In\" button","match":{"arguments":[{"val":"\"Sign In\"","offset":11}],"location":"Stepdefpack.StepDefinition.clicks_the_button(java.lang.String)"},"keyword":"And "},{"result":{"status":"skipped"},"line":11,"name":"the user should see \"Password required error\"","match":{"arguments":[{"val":"\"Password required error\"","offset":20}],"location":"Stepdefpack.StepDefinition.the_user_should_see(java.lang.String)"},"keyword":"Then "}]}],"name":"Verify the Signup feature in Amazon Prime","description":"","id":"verify-the-signup-feature-in-amazon-prime","keyword":"Feature","uri":"file:src/test/resources/features/prime.feature","tags":[]}]