<!DOCTYPE html PUBLIC "-//W3C//DTD XHTML 1.1//EN" "https://www.w3.org/TR/xhtml11/DTD/xhtml11.dtd">
<html xmlns="https://www.w3.org/1999/xhtml">
<head>
<meta http-equiv="content-type" content="text/html; charset=UTF-8"/>
<title>TestNG Report</title>
<style type="text/css">table {margin-bottom:10px;border-collapse:collapse;empty-cells:show}th,td {border:1px solid #009;padding:.25em .5em}th {vertical-align:bottom}td {vertical-align:top}table a {font-weight:bold}.stripe td {background-color: #E6EBF9}.num {text-align:right}.passedodd td {background-color: #3F3}.passedeven td {background-color: #0A0}.skippedodd td {background-color: #DDD}.skippedeven td {background-color: #CCC}.failedodd td,.attn {background-color: #F33}.failedeven td,.stripe .attn {background-color: #D00}.stacktrace {white-space:pre;font-family:monospace}.totop {font-size:85%;text-align:center;border-bottom:2px solid #000}.invisible {display:none}</style>
</head>
<body>
<table>
<tr><th>Test</th><th># Passed</th><th># Skipped</th><th># Retried</th><th># Failed</th><th>Time (ms)</th><th>Included Groups</th><th>Excluded Groups</th></tr>
<tr><th colspan="8">Default suite</th></tr>
<tr><td><a href="#t0">Default test</a></td><td class="num">1</td><td class="num">0</td><td class="num">0</td><td class="num attn">4</td><td class="num">49,603</td><td></td><td></td></tr>
</table>
<table id='summary'><thead><tr><th>Class</th><th>Method</th><th>Start</th><th>Time (ms)</th></tr></thead><tbody><tr><th colspan="4">Default suite</th></tr></tbody><tbody id="t0"><tr><th colspan="4">Default test &#8212; failed</th></tr><tr class="failedeven"><td rowspan="4">runner.TestRunner</td><td><a href="#m0">runScenario</a></td><td rowspan="4">1753359123031</td><td rowspan="4">7489</td></tr><tr class="failedeven"><td><a href="#m1">runScenario</a></td></tr><tr class="failedeven"><td><a href="#m2">runScenario</a></td></tr><tr class="failedeven"><td><a href="#m3">runScenario</a></td></tr><tr><th colspan="4">Default test &#8212; passed</th></tr><tr class="passedeven"><td rowspan="1">runner.TestRunner</td><td><a href="#m4">runScenario</a></td><td rowspan="1">1753359090712</td><td rowspan="1">16568</td></tr></tbody>
</table>
<h2>Default test</h2><h3 id="m0">runner.TestRunner#runScenario</h3><table class="result"><tr class="param"><th>Parameter #1</th><th>Parameter #2</th></tr><tr class="param stripe"><td>&quot;Signup attempt with different mobile and password combinations&quot;</td><td>&quot;Verify the Signup feature in Amazon Prime&quot;</td></tr><tr><th colspan="2">Exception</th></tr><tr><td colspan="2"><div class="stacktrace">java.lang.AssertionError: ❌ Password page did not load.
	at org.junit.Assert.fail(Assert.java:89)
	at org.junit.Assert.assertTrue(Assert.java:42)
	at Stepdefpack.StepDefinition.the_user_is_redirected_to_the_password_entry_page(StepDefinition.java:41)
	at ✽.the user is redirected to the password entry page(file:///C:/Users/ADMIN/eclipse-workspace_new/Cucumber-pro/src/test/resources/features/prime.feature:8)
</div></td></tr></table><p class="totop"><a href="#summary">back to summary</a></p>
<h3 id="m1">runner.TestRunner#runScenario</h3><table class="result"><tr class="param"><th>Parameter #1</th><th>Parameter #2</th></tr><tr class="param stripe"><td>&quot;Signup attempt with different mobile and password combinations&quot;</td><td>&quot;Verify the Signup feature in Amazon Prime&quot;</td></tr><tr><th colspan="2">Exception</th></tr><tr><td colspan="2"><div class="stacktrace">java.lang.AssertionError: ❌ Password page did not load.
	at org.junit.Assert.fail(Assert.java:89)
	at org.junit.Assert.assertTrue(Assert.java:42)
	at Stepdefpack.StepDefinition.the_user_is_redirected_to_the_password_entry_page(StepDefinition.java:41)
	at ✽.the user is redirected to the password entry page(file:///C:/Users/ADMIN/eclipse-workspace_new/Cucumber-pro/src/test/resources/features/prime.feature:8)
</div></td></tr></table><p class="totop"><a href="#summary">back to summary</a></p>
<h3 id="m2">runner.TestRunner#runScenario</h3><table class="result"><tr class="param"><th>Parameter #1</th><th>Parameter #2</th></tr><tr class="param stripe"><td>&quot;Signup attempt with different mobile and password combinations&quot;</td><td>&quot;Verify the Signup feature in Amazon Prime&quot;</td></tr><tr><th colspan="2">Exception</th></tr><tr><td colspan="2"><div class="stacktrace">java.lang.AssertionError: ❌ Password page did not load.
	at org.junit.Assert.fail(Assert.java:89)
	at org.junit.Assert.assertTrue(Assert.java:42)
	at Stepdefpack.StepDefinition.the_user_is_redirected_to_the_password_entry_page(StepDefinition.java:41)
	at ✽.the user is redirected to the password entry page(file:///C:/Users/ADMIN/eclipse-workspace_new/Cucumber-pro/src/test/resources/features/prime.feature:8)
</div></td></tr></table><p class="totop"><a href="#summary">back to summary</a></p>
<h3 id="m3">runner.TestRunner#runScenario</h3><table class="result"><tr class="param"><th>Parameter #1</th><th>Parameter #2</th></tr><tr class="param stripe"><td>&quot;Signup attempt with different mobile and password combinations&quot;</td><td>&quot;Verify the Signup feature in Amazon Prime&quot;</td></tr><tr><th colspan="2">Exception</th></tr><tr><td colspan="2"><div class="stacktrace">java.lang.AssertionError: ❌ Password page did not load.
	at org.junit.Assert.fail(Assert.java:89)
	at org.junit.Assert.assertTrue(Assert.java:42)
	at Stepdefpack.StepDefinition.the_user_is_redirected_to_the_password_entry_page(StepDefinition.java:41)
	at ✽.the user is redirected to the password entry page(file:///C:/Users/ADMIN/eclipse-workspace_new/Cucumber-pro/src/test/resources/features/prime.feature:8)
</div></td></tr></table><p class="totop"><a href="#summary">back to summary</a></p>
<h3 id="m4">runner.TestRunner#runScenario</h3><table class="result"><tr class="param"><th>Parameter #1</th><th>Parameter #2</th></tr><tr class="param stripe"><td>&quot;Signup attempt with different mobile and password combinations&quot;</td><td>&quot;Verify the Signup feature in Amazon Prime&quot;</td></tr></table><p class="totop"><a href="#summary">back to summary</a></p>
</body>
</html>
