<?xml version="1.0" encoding="UTF-8"?>
<!-- Generated by org.testng.reporters.JUnitReportReporter -->
<testsuite hostname="DESKTOP-A8T46AM" failures="4" tests="5" name="runner.TestRunner" time="48.306" errors="0" timestamp="2025-07-24T17:42:19 IST" skipped="0">
  <testcase classname="runner.TestRunner" name="runScenario" time="7.489">
    <failure message="❌ Password page did not load." type="java.lang.AssertionError">
      <![CDATA[java.lang.AssertionError: ❌ Password page did not load.
at org.junit.Assert.fail(Assert.java:89)
at org.junit.Assert.assertTrue(Assert.java:42)
at Stepdefpack.StepDefinition.the_user_is_redirected_to_the_password_entry_page(StepDefinition.java:41)
at ✽.the user is redirected to the password entry page(file:///C:/Users/ADMIN/eclipse-workspace_new/Cucumber-pro/src/test/resources/features/prime.feature:8)
]]>
    </failure>
  </testcase> <!-- runScenario -->
  <testcase classname="runner.TestRunner" name="runScenario" time="7.336">
    <failure message="❌ Password page did not load." type="java.lang.AssertionError">
      <![CDATA[java.lang.AssertionError: ❌ Password page did not load.
at org.junit.Assert.fail(Assert.java:89)
at org.junit.Assert.assertTrue(Assert.java:42)
at Stepdefpack.StepDefinition.the_user_is_redirected_to_the_password_entry_page(StepDefinition.java:41)
at ✽.the user is redirected to the password entry page(file:///C:/Users/ADMIN/eclipse-workspace_new/Cucumber-pro/src/test/resources/features/prime.feature:8)
]]>
    </failure>
  </testcase> <!-- runScenario -->
  <testcase classname="runner.TestRunner" name="runScenario" time="8.382">
    <failure message="❌ Password page did not load." type="java.lang.AssertionError">
      <![CDATA[java.lang.AssertionError: ❌ Password page did not load.
at org.junit.Assert.fail(Assert.java:89)
at org.junit.Assert.assertTrue(Assert.java:42)
at Stepdefpack.StepDefinition.the_user_is_redirected_to_the_password_entry_page(StepDefinition.java:41)
at ✽.the user is redirected to the password entry page(file:///C:/Users/ADMIN/eclipse-workspace_new/Cucumber-pro/src/test/resources/features/prime.feature:8)
]]>
    </failure>
  </testcase> <!-- runScenario -->
  <testcase classname="runner.TestRunner" name="runScenario" time="16.568"/>
  <testcase classname="runner.TestRunner" name="runScenario" time="8.531">
    <failure message="❌ Password page did not load." type="java.lang.AssertionError">
      <![CDATA[java.lang.AssertionError: ❌ Password page did not load.
at org.junit.Assert.fail(Assert.java:89)
at org.junit.Assert.assertTrue(Assert.java:42)
at Stepdefpack.StepDefinition.the_user_is_redirected_to_the_password_entry_page(StepDefinition.java:41)
at ✽.the user is redirected to the password entry page(file:///C:/Users/ADMIN/eclipse-workspace_new/Cucumber-pro/src/test/resources/features/prime.feature:8)
]]>
    </failure>
  </testcase> <!-- runScenario -->
</testsuite> <!-- runner.TestRunner -->
